生成启动时间为 2020/2/28 23:58:51。
     1>项目“C:\NoobOJCollection\VS2010Project\VS2010Project\VS2010Project.vcxproj”在节点 2 上(build 个目标)。
     1>PrepareForBuild:
         正在创建目录“C:\NoobOJCollection\VS2010Project\Debug\”。
       InitializeBuildStatus:
         正在创建“Debug\VS2010Project.unsuccessfulbuild”，因为已指定“AlwaysCreate”。
       ClCompile:
         D:\vs2010\VC\bin\CL.exe /c /ZI /nologo /W3 /WX- /Od /Oy- /D WIN32 /D _DEBUG /D _CONSOLE /D _UNICODE /D UNICODE /Gm /EHsc /RTC1 /MDd /GS /fp:precise /Zc:wchar_t /Zc:forScope /Fo"Debug\\" /Fd"Debug\vc100.pdb" /Gd /TP /analyze- /errorReport:prompt Test.cpp
         Test.cpp
       ManifestResourceCompile:
         C:\Program Files (x86)\Microsoft SDKs\Windows\v7.0A\bin\rc.exe /nologo /fo"Debug\VS2010Project.exe.embed.manifest.res" Debug\VS2010Project_manifest.rc 
       Link:
         D:\vs2010\VC\bin\link.exe /ERRORREPORT:PROMPT /OUT:"C:\NoobOJCollection\VS2010Project\Debug\VS2010Project.exe" /INCREMENTAL /NOLOGO kernel32.lib user32.lib gdi32.lib winspool.lib comdlg32.lib advapi32.lib shell32.lib ole32.lib oleaut32.lib uuid.lib odbc32.lib odbccp32.lib /MANIFEST /ManifestFile:"Debug\VS2010Project.exe.intermediate.manifest" /MANIFESTUAC:"level='asInvoker' uiAccess='false'" /DEBUG /PDB:"C:\NoobOJCollection\VS2010Project\Debug\VS2010Project.pdb" /SUBSYSTEM:CONSOLE /TLBID:1 /DYNAMICBASE /NXCOMPAT /IMPLIB:"C:\NoobOJCollection\VS2010Project\Debug\VS2010Project.lib" /MACHINE:X86 Debug\VS2010Project.exe.embed.manifest.res
         Debug\Test.obj
       Manifest:
         C:\Program Files (x86)\Microsoft SDKs\Windows\v7.0A\bin\mt.exe /nologo /verbose /out:"Debug\VS2010Project.exe.embed.manifest" /manifest Debug\VS2010Project.exe.intermediate.manifest
         C:\Program Files (x86)\Microsoft SDKs\Windows\v7.0A\bin\rc.exe /nologo /fo"Debug\VS2010Project.exe.embed.manifest.res" Debug\VS2010Project_manifest.rc 
       LinkEmbedManifest:
         D:\vs2010\VC\bin\link.exe /ERRORREPORT:PROMPT /OUT:"C:\NoobOJCollection\VS2010Project\Debug\VS2010Project.exe" /INCREMENTAL /NOLOGO kernel32.lib user32.lib gdi32.lib winspool.lib comdlg32.lib advapi32.lib shell32.lib ole32.lib oleaut32.lib uuid.lib odbc32.lib odbccp32.lib /MANIFEST /ManifestFile:"Debug\VS2010Project.exe.intermediate.manifest" /MANIFESTUAC:"level='asInvoker' uiAccess='false'" /DEBUG /PDB:"C:\NoobOJCollection\VS2010Project\Debug\VS2010Project.pdb" /SUBSYSTEM:CONSOLE /TLBID:1 /DYNAMICBASE /NXCOMPAT /IMPLIB:"C:\NoobOJCollection\VS2010Project\Debug\VS2010Project.lib" /MACHINE:X86 Debug\VS2010Project.exe.embed.manifest.res
         Debug\Test.obj
         VS2010Project.vcxproj -> C:\NoobOJCollection\VS2010Project\Debug\VS2010Project.exe
       FinalizeBuildStatus:
         正在删除文件“Debug\VS2010Project.unsuccessfulbuild”。
         正在对“Debug\VS2010Project.lastbuildstate”执行 Touch 任务。
     1>已完成生成项目“C:\NoobOJCollection\VS2010Project\VS2010Project\VS2010Project.vcxproj”(build 个目标)的操作。

生成成功。

已用时间 00:00:02.32
